TN:
SF:/home/mbennani/dev/codeTest/backend/voting/contracts/Voting.sol
FN:42,constructor
FN:44,onlyVoters
FN:53,getVoter
FN:57,getOneProposal
FN:64,addVoter
FN:75,addProposal
FN:89,setVote
FN:104,startProposalsRegistering
FN:115,endProposalsRegistering
FN:121,startVotingSession
FN:127,endVotingSession
FN:134,tallyVotes
FNF:12
FNH:12
FNDA:1,constructor
FNDA:56,onlyVoters
FNDA:1,getVoter
FNDA:4,getOneProposal
FNDA:61,addVoter
FNDA:34,addProposal
FNDA:13,setVote
FNDA:26,startProposalsRegistering
FNDA:17,endProposalsRegistering
FNDA:14,startVotingSession
FNDA:6,endVotingSession
FNDA:5,tallyVotes
DA:45,56
DA:46,52
DA:54,1
DA:58,4
DA:65,61
DA:66,60
DA:68,59
DA:69,59
DA:76,34
DA:77,33
DA:80,32
DA:81,32
DA:82,32
DA:84,32
DA:90,13
DA:91,12
DA:92,11
DA:94,9
DA:95,9
DA:96,9
DA:98,9
DA:105,26
DA:106,25
DA:108,25
DA:109,25
DA:110,25
DA:112,25
DA:116,17
DA:117,16
DA:118,16
DA:122,14
DA:123,13
DA:124,13
DA:128,6
DA:129,4
DA:130,4
DA:135,5
DA:136,3
DA:137,3
DA:138,9
DA:139,1
DA:142,3
DA:144,3
DA:145,3
LF:44
LH:44
BRDA:45,1,0,52
BRDA:45,1,1,4
BRDA:53,2,0,1
BRDA:53,2,1,1
BRDA:57,3,0,4
BRDA:57,3,1,1
BRDA:64,4,0,61
BRDA:64,4,1,1
BRDA:65,5,0,60
BRDA:65,5,1,1
BRDA:66,6,0,59
BRDA:66,6,1,1
BRDA:75,7,0,34
BRDA:75,7,1,1
BRDA:76,8,0,33
BRDA:76,8,1,1
BRDA:77,9,0,32
BRDA:77,9,1,1
BRDA:89,10,0,13
BRDA:89,10,1,1
BRDA:90,11,0,12
BRDA:90,11,1,1
BRDA:91,12,0,11
BRDA:91,12,1,1
BRDA:92,13,0,9
BRDA:92,13,1,2
BRDA:104,14,0,26
BRDA:104,14,1,2
BRDA:105,15,0,25
BRDA:105,15,1,1
BRDA:115,16,0,17
BRDA:115,16,1,1
BRDA:116,17,0,16
BRDA:116,17,1,1
BRDA:121,18,0,14
BRDA:121,18,1,1
BRDA:122,19,0,13
BRDA:122,19,1,1
BRDA:127,20,0,6
BRDA:127,20,1,1
BRDA:128,21,0,4
BRDA:128,21,1,2
BRDA:134,22,0,5
BRDA:134,22,1,1
BRDA:135,23,0,3
BRDA:135,23,1,2
BRDA:138,24,0,1
BRDA:138,24,1,8
BRF:48
BRH:48
end_of_record
